Traceback (most recent call last):
  File "cupy_backends/cuda/_softlink.pyx", line 25, in cupy_backends.cuda._softlink.SoftLink.__init__
  File "/usr/lib64/python3.9/ctypes/__init__.py", line 374, in __init__
    self._handle = _dlopen(self._name, mode)
OSError: libnvrtc.so.13: cannot open shared object file: No such file or directory

The above exception was the direct cause of the following exception:

Traceback (most recent call last):
  File "/zhome/0b/f/223209/source/python-hpc-project/scripts/run_solver.py", line 107, in <module>
    main()
  File "/zhome/0b/f/223209/source/python-hpc-project/scripts/run_solver.py", line 53, in main
    rows, elapsed = run_buildings_serial(
  File "/zhome/0b/f/223209/source/python-hpc-project/wall_heating/core.py", line 113, in run_buildings_serial
    u = solver(u0, mask, max_iter, atol)
  File "/zhome/0b/f/223209/source/python-hpc-project/wall_heating/cupy_impl.py", line 39, in jacobi_cupy
    current[1:-1, :-2]
  File "cupy/_core/core.pyx", line 1371, in cupy._core.core._ndarray_base.__add__
  File "cupy/_core/_kernel.pyx", line 1374, in cupy._core._kernel.ufunc.__call__
  File "cupy/_core/_kernel.pyx", line 1401, in cupy._core._kernel.ufunc._get_ufunc_kernel
  File "cupy/_core/_kernel.pyx", line 1082, in cupy._core._kernel._get_ufunc_kernel
  File "cupy/_core/_kernel.pyx", line 94, in cupy._core._kernel._get_simple_elementwise_kernel
  File "cupy/_core/_kernel.pyx", line 82, in cupy._core._kernel._get_simple_elementwise_kernel_from_code
  File "cupy/_core/core.pyx", line 2375, in cupy._core.core.compile_with_cache
  File "cupy/_core/core.pyx", line 2320, in cupy._core.core.assemble_cupy_compiler_options
  File "cupy_backends/cuda/libs/nvrtc.pyx", line 57, in cupy_backends.cuda.libs.nvrtc.getVersion
  File "cupy_backends/cuda/libs/_cnvrtc.pxi", line 72, in cupy_backends.cuda.libs.nvrtc.initialize
  File "cupy_backends/cuda/libs/_cnvrtc.pxi", line 75, in cupy_backends.cuda.libs.nvrtc._initialize
  File "cupy_backends/cuda/libs/_cnvrtc.pxi", line 153, in cupy_backends.cuda.libs.nvrtc._get_softlink
  File "cupy_backends/cuda/_softlink.pyx", line 32, in cupy_backends.cuda._softlink.SoftLink.__init__
RuntimeError: CuPy failed to load libnvrtc.so.13: OSError: libnvrtc.so.13: cannot open shared object file: No such file or directory
