Running: /zhome/0b/f/223209/source/python-hpc-project/.venv/bin/python /zhome/0b/f/223209/source/python-hpc-project/scripts/run_solver.py 40 --output-csv results/cupy_stats_40.csv --solver cupy

------------------------------------------------------------
Sender: LSF System <lsfadmin@hpc.dtu.dk>
Subject: Job 27925556: <wallheat_cupy> in cluster <dcc> Exited

Job <wallheat_cupy> was submitted from host <n-62-9-40> by user <s253030> in cluster <dcc> at Sat Feb 28 15:36:10 2026
Job was executed on host(s) <4*n-62-12-23>, in queue <gpua100>, as user <s253030> in cluster <dcc> at Sat Feb 28 15:39:36 2026
</zhome/0b/f/223209> was used as the home directory.
</zhome/0b/f/223209/source/python-hpc-project> was used as the working directory.
Started at Sat Feb 28 15:39:36 2026
Terminated at Sat Feb 28 15:39:39 2026
Results reported at Sat Feb 28 15:39:39 2026

Your job looked like:

------------------------------------------------------------
# LSBATCH: User input
#!/usr/bin/env bash
#BSUB -J wallheat_cupy
#BSUB -q gpua100
#BSUB -W 01:30
#BSUB -n 4
#BSUB -R "span[hosts=1]"
#BSUB -gpu "num=1:mode=exclusive_process"
#BSUB -oo results/lsf_cupy_%J.out
#BSUB -eo results/lsf_cupy_%J.err

set -euo pipefail
cd "$LS_SUBCWD"
mkdir -p results figures /tmp/$USER/matplotlib
export MPLCONFIGDIR=/tmp/$USER/matplotlib

VENV_PATH="${VENV_PATH:-$LS_SUBCWD/.venv}"
if [[ ! -f "$VENV_PATH/bin/activate" ]]; then
  echo "Missing virtualenv activation script: $VENV_PATH/bin/activate" >&2
  exit 2
fi
source "$VENV_PATH/bin/activate"

N="${N:-40}"
python scripts/run_cupy.py "$N" --output-csv "results/cupy_stats_${N}.csv"

------------------------------------------------------------

Exited with exit code 1.

Resource usage summary:

    CPU time :                                   0.95 sec.
    Max Memory :                                 -
    Average Memory :                             -
    Total Requested Memory :                     4096.00 MB
    Delta Memory :                               -
    Max Swap :                                   -
    Max Processes :                              -
    Max Threads :                                -
    Run time :                                   3 sec.
    Turnaround time :                            209 sec.

The output (if any) is above this job summary.



PS:

Read file <results/lsf_cupy_27925556.err> for stderr output of this job.

